<?xml version="1.0" encoding="UTF-8"?>
<testng-results ignored="0" total="2" passed="2" failed="0" skipped="0">
  <reporter-output>
  </reporter-output>
  <suite started-at="2021-08-25T13:22:59 IST" name="Default suite" finished-at="2021-08-25T13:23:04 IST" duration-ms="5679">
    <groups>
    </groups>
    <test started-at="2021-08-25T13:22:59 IST" name="Default test" finished-at="2021-08-25T13:23:04 IST" duration-ms="5679">
      <class name="restassured.Scenario">
        <test-method signature="Scenario1()[pri:0, instance:restassured.Scenario@15bbf42f]" started-at="2021-08-25T13:22:59 IST" name="Scenario1" finished-at="2021-08-25T13:23:02 IST" duration-ms="3087" status="PASS">
          <reporter-output>
          </reporter-output>
        </test-method> <!-- Scenario1 -->
        <test-method signature="Scenario2()[pri:0, instance:restassured.Scenario@15bbf42f]" started-at="2021-08-25T13:23:02 IST" name="Scenario2" finished-at="2021-08-25T13:23:04 IST" duration-ms="2511" status="PASS">
          <reporter-output>
          </reporter-output>
        </test-method> <!-- Scenario2 -->
      </class> <!-- restassured.Scenario -->
    </test> <!-- Default test -->
  </suite> <!-- Default suite -->
</testng-results>
